# turn 1
o 23 1 nnnnnn
# turn 2
o 17 1 nneeee
# turn 3
o 15 5 eeeeee
# turn 4
o 15 11 s
# turn 5
o 16 11 s
# turn 6
o 17 11 s
# turn 7
o 18 11 s
# turn 8
o 19 11 s
# turn 9
o 20 11 s
# turn 10
o 21 11 s
# turn 11
o 22 11 s
# turn 12
o 23 11 w
# turn 13
o 23 10 w
# turn 14
o 23 9 w
# turn 15
o 23 8 w
# turn 16
o 23 7 w
# turn 17
o 23 6 w
# turn 18
o 23 5 w
# turn 19
o 23 4 w
# turn 20
o 23 3 w
# turn 21
o 23 2 w
# turn 22
o 23 1 nnnnnn
# turn 23
o 17 1 eeeeee
# turn 24
o 17 7 eeeeee
# turn 25
o 17 13 s
# turn 26
o 18 13 s
# turn 27
o 19 13 s
# turn 28
o 20 13 s
# turn 29
o 21 13 s
# turn 30
o 22 13 s
# turn 31
o 23 13 w
# turn 32
o 23 12 w
# turn 33
o 23 11 w
# turn 34
o 23 10 w
# turn 35
o 23 9 w
# turn 36
o 23 8 w
# turn 37
o 23 7 w
# turn 38
o 23 6 w
# turn 39
o 23 5 w
# turn 40
o 23 4 w
# turn 41
o 23 3 w
# turn 42
o 23 2 w
# turn 43
o 23 1 nnnnnn
# turn 44
o 17 1 nnnnne
# turn 45
o 12 2 eeeeee
# turn 46
o 12 8 ee
# turn 47
o 12 10 s
# turn 48
o 13 10 s
# turn 49
o 14 10 s
# turn 50
o 15 10 s
# turn 51
o 16 10 s
# turn 52
o 17 10 s
# turn 53
o 18 10 s
# turn 54
o 19 10 s
# turn 55
o 20 10 s
# turn 56
o 21 10 s
# turn 57
o 22 10 s
# turn 58
o 23 10 w
# turn 59
o 23 9 w
# turn 60
o 23 8 w
# turn 61
o 23 7 w
# turn 62
o 23 6 w
# turn 63
o 23 5 w
# turn 64
o 23 4 w
# turn 65
o 23 3 w
# turn 66
o 23 2 w
# turn 67
o 23 1 nnnnnn
# turn 68
o 17 1 nnnnnn
# turn 69
o 11 1 nnnnee
# turn 70
o 7 3 eeeeee
# turn 71
o 7 9 eee
# turn 72
o 7 12 s
# turn 73
o 8 12 s
# turn 74
o 9 12 s
# turn 75
o 10 12 s
# turn 76
o 11 12 s
# turn 77
o 12 12 s
# turn 78
o 13 12 s
# turn 79
o 14 12 s
# turn 80
o 15 12 s
# turn 81
o 16 12 s
# turn 82
o 17 12 s
# turn 83
o 18 12 s
# turn 84
o 19 12 s
# turn 85
o 20 12 s
# turn 86
o 21 12 s
# turn 87
o 22 12 s
# turn 88
o 23 12 w
# turn 89
o 23 11 w
# turn 90
o 23 10 w
# turn 91
o 23 9 w
# turn 92
o 23 8 w
# turn 93
o 23 7 w
# turn 94
o 23 6 w
# turn 95
o 23 5 w
# turn 96
o 23 4 w
# turn 97
o 23 3 w
# turn 98
o 23 2 w
# turn 99
o 23 1 nnnnnn
# turn 100
o 17 1 nnnnnn
